{"total_rules": 7, "event": "Mapping catalog loaded", "logger": "mapping_catalog", "level": "info", "timestamp": "2025-09-18T08:58:50.115505Z"}
{"total_objects": 7, "total_devices": 4, "event": "Device catalog loaded", "logger": "device_catalog", "level": "info", "timestamp": "2025-09-18T08:58:50.118052Z"}
{"event": "IoT Data Bridge (MQTT Only) initialized successfully", "logger": "iot_data_bridge_mqtt", "level": "info", "timestamp": "2025-09-18T08:58:50.118843Z"}
{"event": "Starting IoT Data Bridge (MQTT Only)", "logger": "iot_data_bridge_mqtt", "level": "info", "timestamp": "2025-09-18T08:58:50.119075Z"}
{"event": "Starting MQTT input layer", "logger": "input_layer", "level": "info", "timestamp": "2025-09-18T08:58:50.119543Z"}
{"event": "MQTT input layer started successfully", "logger": "input_layer", "level": "info", "timestamp": "2025-09-18T08:58:50.119693Z"}
{"event": "Starting MQTT transports layer", "logger": "transports_layer", "level": "info", "timestamp": "2025-09-18T08:58:50.119818Z"}
{"event": "MQTT transports layer started successfully", "logger": "transports_layer", "level": "info", "timestamp": "2025-09-18T08:58:50.119954Z"}
{"event": "Starting logging layer", "logger": "logging_layer", "level": "info", "timestamp": "2025-09-18T08:58:50.120078Z"}
{"event": "Starting logging layer", "logger": "logging_layer", "level": "info", "timestamp": "2025-09-18T08:58:50.120078Z"}
{"event": "Logging layer started", "logger": "logging_layer", "level": "info", "timestamp": "2025-09-18T08:58:50.120214Z"}
{"event": "Logging layer started", "logger": "logging_layer", "level": "info", "timestamp": "2025-09-18T08:58:50.120214Z"}
{"event": "Stopping IoT Data Bridge (MQTT Only)", "logger": "iot_data_bridge_mqtt", "level": "info", "timestamp": "2025-09-18T08:58:50.121824Z"}
{"event": "Stopping MQTT input layer", "logger": "input_layer", "level": "info", "timestamp": "2025-09-18T08:58:50.121971Z"}
{"event": "Stopping MQTT client", "logger": "mqtt_input", "level": "info", "timestamp": "2025-09-18T08:58:50.122086Z"}
{"total_rules": 7, "event": "Mapping catalog loaded", "logger": "mapping_catalog", "level": "info", "timestamp": "2025-09-18T08:59:10.158899Z"}
{"total_objects": 7, "total_devices": 4, "event": "Device catalog loaded", "logger": "device_catalog", "level": "info", "timestamp": "2025-09-18T08:59:10.160967Z"}
{"event": "IoT Data Bridge (MQTT Only) initialized successfully", "logger": "iot_data_bridge_mqtt", "level": "info", "timestamp": "2025-09-18T08:59:10.161390Z"}
{"event": "Starting IoT Data Bridge (MQTT Only)", "logger": "iot_data_bridge_mqtt", "level": "info", "timestamp": "2025-09-18T08:59:10.161509Z"}
{"event": "Starting MQTT input layer", "logger": "input_layer", "level": "info", "timestamp": "2025-09-18T08:59:10.161747Z"}
{"event": "MQTT input layer started successfully", "logger": "input_layer", "level": "info", "timestamp": "2025-09-18T08:59:10.161877Z"}
{"event": "Starting MQTT transports layer", "logger": "transports_layer", "level": "info", "timestamp": "2025-09-18T08:59:10.161997Z"}
{"event": "MQTT transports layer started successfully", "logger": "transports_layer", "level": "info", "timestamp": "2025-09-18T08:59:10.162101Z"}
{"event": "Starting logging layer", "logger": "logging_layer", "level": "info", "timestamp": "2025-09-18T08:59:10.162201Z"}
{"event": "Starting logging layer", "logger": "logging_layer", "level": "info", "timestamp": "2025-09-18T08:59:10.162201Z"}
{"event": "Logging layer started", "logger": "logging_layer", "level": "info", "timestamp": "2025-09-18T08:59:10.162299Z"}
{"event": "Logging layer started", "logger": "logging_layer", "level": "info", "timestamp": "2025-09-18T08:59:10.162299Z"}
{"event": "Stopping IoT Data Bridge (MQTT Only)", "logger": "iot_data_bridge_mqtt", "level": "info", "timestamp": "2025-09-18T08:59:10.163353Z"}
{"event": "Stopping MQTT input layer", "logger": "input_layer", "level": "info", "timestamp": "2025-09-18T08:59:10.163551Z"}
{"event": "Stopping MQTT client", "logger": "mqtt_input", "level": "info", "timestamp": "2025-09-18T08:59:10.163734Z"}
{"event": "MQTT input layer stopped", "logger": "input_layer", "level": "info", "timestamp": "2025-09-18T08:59:10.164159Z"}
{"event": "Stopping MQTT transports layer", "logger": "transports_layer", "level": "info", "timestamp": "2025-09-18T08:59:10.164284Z"}
{"event": "MQTT transports layer stopped", "logger": "transports_layer", "level": "info", "timestamp": "2025-09-18T08:59:10.164413Z"}
{"event": "Stopping logging layer", "logger": "logging_layer", "level": "info", "timestamp": "2025-09-18T08:59:10.164525Z"}
{"event": "Stopping logging layer", "logger": "logging_layer", "level": "info", "timestamp": "2025-09-18T08:59:10.164525Z"}
{"event": "Logging layer stopped", "logger": "logging_layer", "level": "info", "timestamp": "2025-09-18T08:59:10.164667Z"}
{"event": "Logging layer stopped", "logger": "logging_layer", "level": "info", "timestamp": "2025-09-18T08:59:10.164667Z"}
{"event": "Received signal 2, initiating shutdown", "logger": "iot_data_bridge_mqtt", "level": "info", "timestamp": "2025-09-18T08:59:13.856381Z"}
{"event": "Stopping IoT Data Bridge (MQTT Only)", "logger": "iot_data_bridge_mqtt", "level": "info", "timestamp": "2025-09-18T08:59:13.856698Z"}
{"event": "Stopping MQTT input layer", "logger": "input_layer", "level": "info", "timestamp": "2025-09-18T08:59:13.856840Z"}
{"event": "Stopping MQTT client", "logger": "mqtt_input", "level": "info", "timestamp": "2025-09-18T08:59:13.856957Z"}
{"event": "MQTT input layer stopped", "logger": "input_layer", "level": "info", "timestamp": "2025-09-18T08:59:13.857100Z"}
{"event": "Stopping MQTT transports layer", "logger": "transports_layer", "level": "info", "timestamp": "2025-09-18T08:59:13.857234Z"}
{"event": "MQTT transports layer stopped", "logger": "transports_layer", "level": "info", "timestamp": "2025-09-18T08:59:13.857363Z"}
{"event": "Stopping logging layer", "logger": "logging_layer", "level": "info", "timestamp": "2025-09-18T08:59:13.857473Z"}
{"event": "Stopping logging layer", "logger": "logging_layer", "level": "info", "timestamp": "2025-09-18T08:59:13.857473Z"}
{"event": "Logging layer stopped", "logger": "logging_layer", "level": "info", "timestamp": "2025-09-18T08:59:13.857559Z"}
{"event": "Logging layer stopped", "logger": "logging_layer", "level": "info", "timestamp": "2025-09-18T08:59:13.857559Z"}
